2015-10-06 11:31:23 EDT [1080]: [1-1] user=,db=,app=,client= LOG:  database system was shut down at 2015-10-06 11:31:10 EDT
2015-10-06 11:31:23 EDT [1080]: [2-1] user=,db=,app=,client= LOG:  MultiXact member wraparound protections are now enabled
2015-10-06 11:31:23 EDT [1079]: [1-1] user=,db=,app=,client= LOG:  database system is ready to accept connections
2015-10-06 11:31:23 EDT [1085]: [1-1] user=,db=,app=,client= LOG:  autovacuum launcher started
2015-10-06 11:32:44 EDT [1245]: [1-1] user=mark,db=dbt3,app=psql,client=[local] ERROR:  canceling statement due to statement timeout
2015-10-06 11:32:44 EDT [1245]: [2-1] user=mark,db=dbt3,app=psql,client=[local] STATEMENT:  EXPLAIN (ANALYZE, BUFFERS)
	select
		nation,
		o_year,
		sum(amount) as sum_profit
	from
		(
			select
				n_name as nation,
				extract(year from o_orderdate) as o_year,
				l_extendedprice * (1 - l_discount) - ps_supplycost * l_quantity as amount
			from
				part,
				supplier,
				lineitem,
				partsupp,
				orders,
				nation
			where
				s_suppkey = l_suppkey
				and ps_suppkey = l_suppkey
				and ps_partkey = l_partkey
				and p_partkey = l_partkey
				and o_orderkey = l_orderkey
				and s_nationkey = n_nationkey
				and p_name like '%grey%'
		) as profit
	group by
		nation,
		o_year
	order by
		nation,
		o_year desc;
2015-10-06 11:32:44 EDT [1245]: [3-1] user=mark,db=dbt3,app=psql,client=[local] LOG:  Connection error canceling statement due to statement timeout
2015-10-06 11:32:44 EDT [1245]: [4-1] user=mark,db=dbt3,app=psql,client=[local] LOG:  Connection error canceling statement due to statement timeout
2015-10-06 11:32:44 EDT [1245]: [5-1] user=mark,db=dbt3,app=psql,client=[local] LOG:  Connection error canceling statement due to statement timeout
2015-10-06 11:32:44 EDT [1245]: [6-1] user=mark,db=dbt3,app=psql,client=[local] LOG:  Connection error failed to send ROLLBACK TRANSACTION command
2015-10-06 11:32:44 EDT [1245]: [7-1] user=mark,db=dbt3,app=psql,client=[local] LOG:  Connection error failed to send ROLLBACK TRANSACTION command
2015-10-06 11:33:15 EDT [1296]: [1-1] user=mark,db=dbt3,app=psql,client=[local] ERROR:  canceling statement due to statement timeout
2015-10-06 11:33:15 EDT [1296]: [2-1] user=mark,db=dbt3,app=psql,client=[local] STATEMENT:  EXPLAIN (ANALYZE, BUFFERS)
	select
		s_name,
		s_address
	from
		supplier,
		nation
	where
		s_suppkey in (
			select
				ps_suppkey
			from
				partsupp
			where
				ps_partkey in (
					select
						p_partkey
					from
						part
					where
						p_name like 'chocolate%'
				)
				and ps_availqty > (
					select
						0.5 * sum(l_quantity)
					from
						lineitem
					where
						l_partkey = ps_partkey
						and l_suppkey = ps_suppkey
						and l_shipdate >= '1993-01-01'
						and l_shipdate < cast(date '1993-01-01' + interval '1 year' as date)
				)
		)
		and s_nationkey = n_nationkey
		and n_name = 'EGYPT'
	order by
		s_name;
2015-10-06 11:33:15 EDT [1296]: [3-1] user=mark,db=dbt3,app=psql,client=[local] LOG:  Connection error canceling statement due to statement timeout
2015-10-06 11:33:15 EDT [1296]: [4-1] user=mark,db=dbt3,app=psql,client=[local] LOG:  Connection error canceling statement due to statement timeout
2015-10-06 11:33:15 EDT [1296]: [5-1] user=mark,db=dbt3,app=psql,client=[local] LOG:  Connection error failed to send ROLLBACK TRANSACTION command
2015-10-06 11:33:15 EDT [1296]: [6-1] user=mark,db=dbt3,app=psql,client=[local] LOG:  Connection error failed to send ROLLBACK TRANSACTION command
2015-10-06 11:33:46 EDT [1315]: [1-1] user=mark,db=dbt3,app=psql,client=[local] ERROR:  canceling statement due to statement timeout
2015-10-06 11:33:46 EDT [1315]: [2-1] user=mark,db=dbt3,app=psql,client=[local] STATEMENT:  EXPLAIN (ANALYZE, BUFFERS)
	select
		sum(l_extendedprice * l_discount) as revenue
	from
		lineitem
	where
		l_shipdate >= date '1993-01-01'
		and l_shipdate < cast(date '1993-01-01' + interval '1 year' as date)
		and l_discount between 0.06 - 0.01 and 0.06 + 0.01
		and l_quantity < 25;
2015-10-06 11:33:46 EDT [1315]: [3-1] user=mark,db=dbt3,app=psql,client=[local] LOG:  Connection error canceling statement due to statement timeout
2015-10-06 11:33:46 EDT [1315]: [4-1] user=mark,db=dbt3,app=psql,client=[local] LOG:  Connection error failed to send ROLLBACK TRANSACTION command
2015-10-06 11:33:46 EDT [1315]: [5-1] user=mark,db=dbt3,app=psql,client=[local] LOG:  Connection error canceling statement due to statement timeout
2015-10-06 11:33:46 EDT [1315]: [6-1] user=mark,db=dbt3,app=psql,client=[local] ERROR:  canceling statement due to statement timeout
2015-10-06 11:33:46 EDT [1315]: [7-1] user=mark,db=dbt3,app=psql,client=[local] LOG:  Connection error failed to send ROLLBACK TRANSACTION command
2015-10-06 11:34:20 EDT [1380]: [1-1] user=mark,db=dbt3,app=psql,client=[local] ERROR:  canceling statement due to statement timeout
2015-10-06 11:34:20 EDT [1380]: [2-1] user=mark,db=dbt3,app=psql,client=[local] STATEMENT:  EXPLAIN (ANALYZE, BUFFERS)
	select
		c_name,
		c_custkey,
		o_orderkey,
		o_orderdate,
		o_totalprice,
		sum(l_quantity)
	from
		customer,
		orders,
		lineitem
	where
		o_orderkey in (
			select
				l_orderkey
			from
				lineitem
			group by
				l_orderkey having
					sum(l_quantity) > 313
		)
		and c_custkey = o_custkey
		and o_orderkey = l_orderkey
	group by
		c_name,
		c_custkey,
		o_orderkey,
		o_orderdate,
		o_totalprice
	order by
		o_totalprice desc,
		o_orderdate
	LIMIT 100;
2015-10-06 11:34:20 EDT [1380]: [3-1] user=mark,db=dbt3,app=psql,client=[local] LOG:  Connection error canceling statement due to statement timeout
2015-10-06 11:34:20 EDT [1380]: [4-1] user=mark,db=dbt3,app=psql,client=[local] LOG:  Connection error canceling statement due to statement timeout
2015-10-06 11:34:20 EDT [1380]: [5-1] user=mark,db=dbt3,app=psql,client=[local] LOG:  Connection error failed to send ROLLBACK TRANSACTION command
2015-10-06 11:34:20 EDT [1380]: [6-1] user=mark,db=dbt3,app=psql,client=[local] LOG:  Connection error failed to send ROLLBACK TRANSACTION command
2015-10-06 11:35:03 EDT [1449]: [1-1] user=mark,db=dbt3,app=psql,client=[local] ERROR:  canceling statement due to statement timeout
2015-10-06 11:35:03 EDT [1449]: [2-1] user=mark,db=dbt3,app=psql,client=[local] STATEMENT:  EXPLAIN (ANALYZE, BUFFERS)
	select
		s_name,
		count(*) as numwait
	from
		supplier,
		lineitem l1,
		orders,
		nation
	where
		s_suppkey = l1.l_suppkey
		and o_orderkey = l1.l_orderkey
		and o_orderstatus = 'F'
		and l1.l_receiptdate > l1.l_commitdate
		and exists (
			select
				*
			from
				lineitem l2
			where
				l2.l_orderkey = l1.l_orderkey
				and l2.l_suppkey <> l1.l_suppkey
		)
		and not exists (
			select
				*
			from
				lineitem l3
			where
				l3.l_orderkey = l1.l_orderkey
				and l3.l_suppkey <> l1.l_suppkey
				and l3.l_receiptdate > l3.l_commitdate
		)
		and s_nationkey = n_nationkey
		and n_name = 'EGYPT'
	group by
		s_name
	order by
		numwait desc,
		s_name
	LIMIT 100;
2015-10-06 11:35:03 EDT [1449]: [3-1] user=mark,db=dbt3,app=psql,client=[local] LOG:  Connection error canceling statement due to statement timeout
2015-10-06 11:35:03 EDT [1449]: [4-1] user=mark,db=dbt3,app=psql,client=[local] LOG:  Connection error failed to send ROLLBACK TRANSACTION command
2015-10-06 11:35:03 EDT [1449]: [5-1] user=mark,db=dbt3,app=psql,client=[local] LOG:  Connection error failed to send ROLLBACK TRANSACTION command
2015-10-06 11:36:23 EDT [1082]: [1-1] user=,db=,app=,client= LOG:  checkpoint starting: time
2015-10-06 11:36:24 EDT [1082]: [2-1] user=,db=,app=,client= LOG:  checkpoint complete: wrote 3 buffers (0.0%); 0 transaction log file(s) added, 0 removed, 0 recycled; write=0.203 s, sync=0.017 s, total=0.255 s; sync files=3, longest=0.008 s, average=0.005 s; distance=7 kB, estimate=7 kB
2015-10-06 11:37:21 EDT [1647]: [1-1] user=mark,db=dbt3,app=psql,client=[local] ERROR:  canceling statement due to statement timeout
2015-10-06 11:37:21 EDT [1647]: [2-1] user=mark,db=dbt3,app=psql,client=[local] STATEMENT:  EXPLAIN (ANALYZE, BUFFERS)
	select
		l_returnflag,
		l_linestatus,
		sum(l_quantity) as sum_qty,
		sum(l_extendedprice) as sum_base_price,
		sum(l_extendedprice * (1 - l_discount)) as sum_disc_price,
		sum(l_extendedprice * (1 - l_discount) * (1 + l_tax)) as sum_charge,
		avg(l_quantity) as avg_qty,
		avg(l_extendedprice) as avg_price,
		avg(l_discount) as avg_disc,
		count(*) as count_order
	from
		lineitem
	where
		l_shipdate <= date '1998-12-01' - interval '93 days'
	group by
		l_returnflag,
		l_linestatus
	order by
		l_returnflag,
		l_linestatus;
2015-10-06 11:37:21 EDT [1647]: [3-1] user=mark,db=dbt3,app=psql,client=[local] LOG:  Connection error canceling statement due to statement timeout
2015-10-06 11:37:21 EDT [1647]: [4-1] user=mark,db=dbt3,app=psql,client=[local] LOG:  Connection error canceling statement due to statement timeout
2015-10-06 11:37:21 EDT [1647]: [5-1] user=mark,db=dbt3,app=psql,client=[local] LOG:  Connection error failed to send ROLLBACK TRANSACTION command
2015-10-06 11:37:21 EDT [1647]: [6-1] user=mark,db=dbt3,app=psql,client=[local] LOG:  Connection error failed to send ROLLBACK TRANSACTION command
2015-10-06 11:37:52 EDT [1666]: [1-1] user=mark,db=dbt3,app=psql,client=[local] ERROR:  canceling statement due to statement timeout
2015-10-06 11:37:52 EDT [1666]: [2-1] user=mark,db=dbt3,app=psql,client=[local] STATEMENT:  EXPLAIN (ANALYZE, BUFFERS)
	select
		c_custkey,
		c_name,
		sum(l_extendedprice * (1 - l_discount)) as revenue,
		c_acctbal,
		n_name,
		c_address,
		c_phone,
		c_comment
	from
		customer,
		orders,
		lineitem,
		nation
	where
		c_custkey = o_custkey
		and l_orderkey = o_orderkey
		and o_orderdate >= date '1993-08-01'
		and o_orderdate < cast(date '1993-08-01' + interval '3 month' as date)
		and l_returnflag = 'R'
		and c_nationkey = n_nationkey
	group by
		c_custkey,
		c_name,
		c_acctbal,
		c_phone,
		n_name,
		c_address,
		c_comment
	order by
		revenue desc
	LIMIT 20;
2015-10-06 11:37:52 EDT [1666]: [3-1] user=mark,db=dbt3,app=psql,client=[local] LOG:  Connection error canceling statement due to statement timeout
2015-10-06 11:37:52 EDT [1666]: [4-1] user=mark,db=dbt3,app=psql,client=[local] LOG:  Connection error canceling statement due to statement timeout
2015-10-06 11:37:52 EDT [1666]: [5-1] user=mark,db=dbt3,app=psql,client=[local] LOG:  Connection error failed to send ROLLBACK TRANSACTION command
2015-10-06 11:37:52 EDT [1666]: [6-1] user=mark,db=dbt3,app=psql,client=[local] LOG:  Connection error failed to send ROLLBACK TRANSACTION command
2015-10-06 11:38:29 EDT [1816]: [1-1] user=mark,db=dbt3,app=psql,client=[local] LOG:  Getting relation statistics for pg_temp_2.tmp_orderkey2
2015-10-06 11:38:29 EDT [1816]: [2-1] user=mark,db=dbt3,app=psql,client=[local] STATEMENT:  ANALYZE tmp_orderkey2;
2015-10-06 11:38:29 EDT [1816]: [3-1] user=mark,db=dbt3,app=psql,client=[local] LOG:  Getting detailed statistics for pg_temp_2.tmp_orderkey2
2015-10-06 11:38:29 EDT [1816]: [4-1] user=mark,db=dbt3,app=psql,client=[local] STATEMENT:  ANALYZE tmp_orderkey2;
2015-10-06 11:38:33 EDT [1079]: [2-1] user=,db=,app=,client= LOG:  received fast shutdown request
2015-10-06 11:38:33 EDT [1079]: [3-1] user=,db=,app=,client= LOG:  aborting any active transactions
2015-10-06 11:38:33 EDT [1085]: [2-1] user=,db=,app=,client= LOG:  autovacuum launcher shutting down
2015-10-06 11:38:33 EDT [1082]: [3-1] user=,db=,app=,client= LOG:  shutting down
2015-10-06 11:38:33 EDT [1082]: [4-1] user=,db=,app=,client= LOG:  checkpoint starting: shutdown immediate
2015-10-06 11:38:33 EDT [1082]: [5-1] user=,db=,app=,client= LOG:  checkpoint complete: wrote 39 buffers (0.1%); 0 transaction log file(s) added, 0 removed, 0 recycled; write=0.001 s, sync=0.124 s, total=0.175 s; sync files=30, longest=0.008 s, average=0.004 s; distance=162 kB, estimate=162 kB
2015-10-06 11:38:33 EDT [1082]: [6-1] user=,db=,app=,client= LOG:  database system is shut down
