2015-10-06 11:38:42 EDT [2562]: [1-1] user=,db=,app=,client= LOG:  database system was shut down at 2015-10-06 11:38:33 EDT
2015-10-06 11:38:42 EDT [2562]: [2-1] user=,db=,app=,client= LOG:  MultiXact member wraparound protections are now enabled
2015-10-06 11:38:42 EDT [2561]: [1-1] user=,db=,app=,client= LOG:  database system is ready to accept connections
2015-10-06 11:38:42 EDT [2567]: [1-1] user=,db=,app=,client= LOG:  autovacuum launcher started
2015-10-06 11:39:12 EDT [3015]: [1-1] user=,db=,app=,client= LOG:  Getting relation statistics for public.time_statistics
2015-10-06 11:39:12 EDT [3015]: [2-1] user=,db=,app=,client= LOG:  Getting detailed statistics for public.time_statistics
2015-10-06 11:39:15 EDT [2990]: [1-1] user=mark,db=dbt3,app=psql,client=[local] ERROR:  canceling statement due to statement timeout
2015-10-06 11:39:15 EDT [2990]: [2-1] user=mark,db=dbt3,app=psql,client=[local] STATEMENT:  EXPLAIN (ANALYZE, BUFFERS)
	select
		sum(l_extendedprice * l_discount) as revenue
	from
		lineitem
	where
		l_shipdate >= date '1994-01-01'
		and l_shipdate < cast(date '1994-01-01' + interval '1 year' as date)
		and l_discount between 0.09 - 0.01 and 0.09 + 0.01
		and l_quantity < 24;
2015-10-06 11:39:15 EDT [2990]: [3-1] user=mark,db=dbt3,app=psql,client=[local] LOG:  Connection error canceling statement due to statement timeout
2015-10-06 11:39:15 EDT [2990]: [4-1] user=mark,db=dbt3,app=psql,client=[local] LOG:  Connection error failed to send ROLLBACK TRANSACTION command
2015-10-06 11:39:15 EDT [2990]: [5-1] user=mark,db=dbt3,app=psql,client=[local] LOG:  Connection error canceling statement due to statement timeout
2015-10-06 11:39:15 EDT [2990]: [6-1] user=mark,db=dbt3,app=psql,client=[local] ERROR:  canceling statement due to statement timeout
2015-10-06 11:39:15 EDT [2990]: [7-1] user=mark,db=dbt3,app=psql,client=[local] LOG:  Connection error failed to send ROLLBACK TRANSACTION command
2015-10-06 11:39:16 EDT [3007]: [1-1] user=mark,db=dbt3,app=psql,client=[local] ERROR:  canceling statement due to statement timeout
2015-10-06 11:39:16 EDT [3007]: [2-1] user=mark,db=dbt3,app=psql,client=[local] STATEMENT:  EXPLAIN (ANALYZE, BUFFERS)
	select
		s_name,
		count(*) as numwait
	from
		supplier,
		lineitem l1,
		orders,
		nation
	where
		s_suppkey = l1.l_suppkey
		and o_orderkey = l1.l_orderkey
		and o_orderstatus = 'F'
		and l1.l_receiptdate > l1.l_commitdate
		and exists (
			select
				*
			from
				lineitem l2
			where
				l2.l_orderkey = l1.l_orderkey
				and l2.l_suppkey <> l1.l_suppkey
		)
		and not exists (
			select
				*
			from
				lineitem l3
			where
				l3.l_orderkey = l1.l_orderkey
				and l3.l_suppkey <> l1.l_suppkey
				and l3.l_receiptdate > l3.l_commitdate
		)
		and s_nationkey = n_nationkey
		and n_name = 'VIETNAM'
	group by
		s_name
	order by
		numwait desc,
		s_name
	LIMIT 100;
2015-10-06 11:39:16 EDT [3007]: [3-1] user=mark,db=dbt3,app=psql,client=[local] LOG:  Connection error failed to send ROLLBACK TRANSACTION command
2015-10-06 11:39:16 EDT [3007]: [4-1] user=mark,db=dbt3,app=psql,client=[local] LOG:  Connection error failed to send ROLLBACK TRANSACTION command
2015-10-06 11:39:21 EDT [3012]: [1-1] user=mark,db=dbt3,app=psql,client=[local] ERROR:  canceling statement due to statement timeout
2015-10-06 11:39:21 EDT [3012]: [2-1] user=mark,db=dbt3,app=psql,client=[local] STATEMENT:  COPY lineitem
	FROM '/tmp/dbt3/dss/lineitem.tbl.u3'
	USING DELIMITERS '|';
2015-10-06 11:39:21 EDT [3012]: [3-1] user=mark,db=dbt3,app=psql,client=[local] LOG:  Connection error failed to send ROLLBACK TRANSACTION command
2015-10-06 11:39:21 EDT [3066]: [1-1] user=mark,db=dbt3,app=psql,client=[local] LOG:  Getting relation statistics for pg_temp_4.tmp_orderkey3
2015-10-06 11:39:21 EDT [3066]: [2-1] user=mark,db=dbt3,app=psql,client=[local] STATEMENT:  ANALYZE tmp_orderkey3;
2015-10-06 11:39:21 EDT [3066]: [3-1] user=mark,db=dbt3,app=psql,client=[local] LOG:  Getting detailed statistics for pg_temp_4.tmp_orderkey3
2015-10-06 11:39:21 EDT [3066]: [4-1] user=mark,db=dbt3,app=psql,client=[local] STATEMENT:  ANALYZE tmp_orderkey3;
2015-10-06 11:39:48 EDT [3047]: [1-1] user=mark,db=dbt3,app=psql,client=[local] ERROR:  canceling statement due to statement timeout
2015-10-06 11:39:48 EDT [3047]: [2-1] user=mark,db=dbt3,app=psql,client=[local] STATEMENT:  EXPLAIN (ANALYZE, BUFFERS)
	select
		l_orderkey,
		sum(l_extendedprice * (1 - l_discount)) as revenue,
		o_orderdate,
		o_shippriority
	from
		customer,
		orders,
		lineitem
	where
		c_mktsegment = 'HOUSEHOLD'
		and c_custkey = o_custkey
		and l_orderkey = o_orderkey
		and o_orderdate < date '1995-03-16'
		and l_shipdate > date '1995-03-16'
	group by
		l_orderkey,
		o_orderdate,
		o_shippriority
	order by
		revenue desc,
		o_orderdate
	LIMIT 10;
2015-10-06 11:39:48 EDT [3047]: [3-1] user=mark,db=dbt3,app=psql,client=[local] LOG:  Connection error canceling statement due to statement timeout
2015-10-06 11:39:48 EDT [3047]: [4-1] user=mark,db=dbt3,app=psql,client=[local] LOG:  Connection error canceling statement due to statement timeout
2015-10-06 11:39:48 EDT [3047]: [5-1] user=mark,db=dbt3,app=psql,client=[local] LOG:  Connection error failed to send ROLLBACK TRANSACTION command
2015-10-06 11:39:48 EDT [3047]: [6-1] user=mark,db=dbt3,app=psql,client=[local] LOG:  Connection error failed to send ROLLBACK TRANSACTION command
2015-10-06 11:40:02 EDT [3113]: [1-1] user=mark,db=dbt3,app=psql,client=[local] ERROR:  canceling statement due to statement timeout
2015-10-06 11:40:02 EDT [3113]: [2-1] user=mark,db=dbt3,app=psql,client=[local] STATEMENT:  COPY lineitem
	FROM '/tmp/dbt3/dss/lineitem.tbl.u4'
	USING DELIMITERS '|';
2015-10-06 11:40:02 EDT [3113]: [3-1] user=mark,db=dbt3,app=psql,client=[local] LOG:  Connection error canceling statement due to statement timeout
2015-10-06 11:40:02 EDT [3113]: [4-1] user=mark,db=dbt3,app=psql,client=[local] LOG:  Connection error failed to send ROLLBACK TRANSACTION command
2015-10-06 11:40:07 EDT [3205]: [1-1] user=mark,db=dbt3,app=psql,client=[local] LOG:  Getting relation statistics for pg_temp_4.tmp_orderkey4
2015-10-06 11:40:07 EDT [3205]: [2-1] user=mark,db=dbt3,app=psql,client=[local] STATEMENT:  ANALYZE tmp_orderkey4;
2015-10-06 11:40:07 EDT [3205]: [3-1] user=mark,db=dbt3,app=psql,client=[local] LOG:  Getting detailed statistics for pg_temp_4.tmp_orderkey4
2015-10-06 11:40:07 EDT [3205]: [4-1] user=mark,db=dbt3,app=psql,client=[local] STATEMENT:  ANALYZE tmp_orderkey4;
2015-10-06 11:40:21 EDT [3177]: [1-1] user=mark,db=dbt3,app=psql,client=[local] ERROR:  canceling statement due to statement timeout
2015-10-06 11:40:21 EDT [3177]: [2-1] user=mark,db=dbt3,app=psql,client=[local] STATEMENT:  EXPLAIN (ANALYZE, BUFFERS)
	select
		c_name,
		c_custkey,
		o_orderkey,
		o_orderdate,
		o_totalprice,
		sum(l_quantity)
	from
		customer,
		orders,
		lineitem
	where
		o_orderkey in (
			select
				l_orderkey
			from
				lineitem
			group by
				l_orderkey having
					sum(l_quantity) > 314
		)
		and c_custkey = o_custkey
		and o_orderkey = l_orderkey
	group by
		c_name,
		c_custkey,
		o_orderkey,
		o_orderdate,
		o_totalprice
	order by
		o_totalprice desc,
		o_orderdate
	LIMIT 100;
2015-10-06 11:40:21 EDT [3177]: [3-1] user=mark,db=dbt3,app=psql,client=[local] LOG:  Connection error canceling statement due to statement timeout
2015-10-06 11:40:21 EDT [3177]: [4-1] user=mark,db=dbt3,app=psql,client=[local] LOG:  Connection error canceling statement due to statement timeout
2015-10-06 11:40:21 EDT [3177]: [5-1] user=mark,db=dbt3,app=psql,client=[local] LOG:  Connection error failed to send ROLLBACK TRANSACTION command
2015-10-06 11:40:21 EDT [3177]: [6-1] user=mark,db=dbt3,app=psql,client=[local] LOG:  Connection error failed to send ROLLBACK TRANSACTION command
2015-10-06 11:41:07 EDT [3276]: [1-1] user=mark,db=dbt3,app=psql,client=[local] ERROR:  canceling statement due to statement timeout
2015-10-06 11:41:07 EDT [3276]: [2-1] user=mark,db=dbt3,app=psql,client=[local] STATEMENT:  EXPLAIN (ANALYZE, BUFFERS)
	select
		nation,
		o_year,
		sum(amount) as sum_profit
	from
		(
			select
				n_name as nation,
				extract(year from o_orderdate) as o_year,
				l_extendedprice * (1 - l_discount) - ps_supplycost * l_quantity as amount
			from
				part,
				supplier,
				lineitem,
				partsupp,
				orders,
				nation
			where
				s_suppkey = l_suppkey
				and ps_suppkey = l_suppkey
				and ps_partkey = l_partkey
				and p_partkey = l_partkey
				and o_orderkey = l_orderkey
				and s_nationkey = n_nationkey
				and p_name like '%deep%'
		) as profit
	group by
		nation,
		o_year
	order by
		nation,
		o_year desc;
2015-10-06 11:41:08 EDT [3276]: [3-1] user=mark,db=dbt3,app=psql,client=[local] LOG:  Connection error canceling statement due to statement timeout
2015-10-06 11:41:08 EDT [3276]: [4-1] user=mark,db=dbt3,app=psql,client=[local] LOG:  Connection error canceling statement due to statement timeout
2015-10-06 11:41:08 EDT [3276]: [5-1] user=mark,db=dbt3,app=psql,client=[local] LOG:  Connection error failed to send ROLLBACK TRANSACTION command
2015-10-06 11:41:08 EDT [3276]: [6-1] user=mark,db=dbt3,app=psql,client=[local] LOG:  Connection error failed to send ROLLBACK TRANSACTION command
2015-10-06 11:41:16 EDT [3341]: [1-1] user=mark,db=dbt3,app=psql,client=[local] ERROR:  canceling statement due to statement timeout
2015-10-06 11:41:16 EDT [3341]: [2-1] user=mark,db=dbt3,app=psql,client=[local] STATEMENT:  EXPLAIN (ANALYZE, BUFFERS)
	select
		supp_nation,
		cust_nation,
		l_year,
		sum(volume) as revenue
	from
		(
			select
				n1.n_name as supp_nation,
				n2.n_name as cust_nation,
				extract(year from l_shipdate) as l_year,
				l_extendedprice * (1 - l_discount) as volume
			from
				supplier,
				lineitem,
				orders,
				customer,
				nation n1,
				nation n2
			where
				s_suppkey = l_suppkey
				and o_orderkey = l_orderkey
				and c_custkey = o_custkey
				and s_nationkey = n1.n_nationkey
				and c_nationkey = n2.n_nationkey
				and (
					(n1.n_name = 'ETHIOPIA' and n2.n_name = 'INDIA')
					or (n1.n_name = 'INDIA' and n2.n_name = 'ETHIOPIA')
				)
				and l_shipdate between date '1995-01-01' and date '1996-12-31'
		) as shipping
	group by
		supp_nation,
		cust_nation,
		l_year
	order by
		supp_nation,
		cust_nation,
		l_year;
2015-10-06 11:41:16 EDT [3341]: [3-1] user=mark,db=dbt3,app=psql,client=[local] LOG:  Connection error canceling statement due to statement timeout
2015-10-06 11:41:16 EDT [3341]: [4-1] user=mark,db=dbt3,app=psql,client=[local] LOG:  Connection error canceling statement due to statement timeout
2015-10-06 11:41:16 EDT [3341]: [5-1] user=mark,db=dbt3,app=psql,client=[local] LOG:  Connection error failed to send ROLLBACK TRANSACTION command
2015-10-06 11:41:16 EDT [3341]: [6-1] user=mark,db=dbt3,app=psql,client=[local] LOG:  Connection error failed to send ROLLBACK TRANSACTION command
2015-10-06 11:42:05 EDT [3405]: [1-1] user=mark,db=dbt3,app=psql,client=[local] ERROR:  canceling statement due to statement timeout
2015-10-06 11:42:05 EDT [3405]: [2-1] user=mark,db=dbt3,app=psql,client=[local] STATEMENT:  EXPLAIN (ANALYZE, BUFFERS)
	select
		s_name,
		s_address
	from
		supplier,
		nation
	where
		s_suppkey in (
			select
				ps_suppkey
			from
				partsupp
			where
				ps_partkey in (
					select
						p_partkey
					from
						part
					where
						p_name like 'misty%'
				)
				and ps_availqty > (
					select
						0.5 * sum(l_quantity)
					from
						lineitem
					where
						l_partkey = ps_partkey
						and l_suppkey = ps_suppkey
						and l_shipdate >= '1997-01-01'
						and l_shipdate < cast(date '1997-01-01' + interval '1 year' as date)
				)
		)
		and s_nationkey = n_nationkey
		and n_name = 'CHINA'
	order by
		s_name;
2015-10-06 11:42:05 EDT [3405]: [3-1] user=mark,db=dbt3,app=psql,client=[local] LOG:  Connection error canceling statement due to statement timeout
2015-10-06 11:42:05 EDT [3405]: [4-1] user=mark,db=dbt3,app=psql,client=[local] LOG:  Connection error canceling statement due to statement timeout
2015-10-06 11:42:05 EDT [3405]: [5-1] user=mark,db=dbt3,app=psql,client=[local] LOG:  Connection error failed to send ROLLBACK TRANSACTION command
2015-10-06 11:42:05 EDT [3405]: [6-1] user=mark,db=dbt3,app=psql,client=[local] LOG:  Connection error failed to send ROLLBACK TRANSACTION command
2015-10-06 11:42:39 EDT [3500]: [1-1] user=mark,db=dbt3,app=psql,client=[local] ERROR:  canceling statement due to statement timeout
2015-10-06 11:42:39 EDT [3500]: [2-1] user=mark,db=dbt3,app=psql,client=[local] STATEMENT:  EXPLAIN (ANALYZE, BUFFERS)
	select
		l_shipmode,
		sum(case
			when o_orderpriority = '1-URGENT'
				or o_orderpriority = '2-HIGH'
				then 1
			else 0
		end) as high_line_count,
		sum(case
			when o_orderpriority <> '1-URGENT'
				and o_orderpriority <> '2-HIGH'
				then 1
			else 0
		end) as low_line_count
	from
		orders,
		lineitem
	where
		o_orderkey = l_orderkey
		and l_shipmode in ('FOB', 'AIR')
		and l_commitdate < l_receiptdate
		and l_shipdate < l_commitdate
		and l_receiptdate >= date '1995-01-01'
		and l_receiptdate < date '1995-01-01' + interval '1 year'
	group by
		l_shipmode
	order by
		l_shipmode;
2015-10-06 11:42:39 EDT [3500]: [3-1] user=mark,db=dbt3,app=psql,client=[local] LOG:  Connection error canceling statement due to statement timeout
2015-10-06 11:42:39 EDT [3500]: [4-1] user=mark,db=dbt3,app=psql,client=[local] LOG:  Connection error canceling statement due to statement timeout
2015-10-06 11:42:39 EDT [3500]: [5-1] user=mark,db=dbt3,app=psql,client=[local] LOG:  Connection error failed to send ROLLBACK TRANSACTION command
2015-10-06 11:42:39 EDT [3500]: [6-1] user=mark,db=dbt3,app=psql,client=[local] LOG:  Connection error failed to send ROLLBACK TRANSACTION command
2015-10-06 11:43:12 EDT [3603]: [1-1] user=,db=,app=,client= LOG:  Getting relation statistics for public.time_statistics
2015-10-06 11:43:12 EDT [3603]: [2-1] user=,db=,app=,client= LOG:  Getting detailed statistics for public.time_statistics
2015-10-06 11:43:42 EDT [2564]: [1-1] user=,db=,app=,client= LOG:  checkpoint starting: time
2015-10-06 11:43:45 EDT [3636]: [1-1] user=mark,db=dbt3,app=psql,client=[local] ERROR:  canceling statement due to statement timeout
2015-10-06 11:43:45 EDT [3636]: [2-1] user=mark,db=dbt3,app=psql,client=[local] STATEMENT:  EXPLAIN (ANALYZE, BUFFERS)
	select
		c_count,
		count(*) as custdist
	from
		(
			select
				c_custkey,
				count(o_orderkey)
			from
				customer left outer join orders on
					c_custkey = o_custkey
					and o_comment not like '%special%requests%'
			group by
				c_custkey
		) as c_orders (c_custkey, c_count)
	group by
		c_count
	order by
		custdist desc,
		c_count desc;
2015-10-06 11:43:45 EDT [3636]: [3-1] user=mark,db=dbt3,app=psql,client=[local] LOG:  Connection error canceling statement due to statement timeout
2015-10-06 11:43:45 EDT [3636]: [4-1] user=mark,db=dbt3,app=psql,client=[local] LOG:  Connection error canceling statement due to statement timeout
2015-10-06 11:43:45 EDT [3636]: [5-1] user=mark,db=dbt3,app=psql,client=[local] LOG:  Connection error canceling statement due to statement timeout
2015-10-06 11:43:45 EDT [3636]: [6-1] user=mark,db=dbt3,app=psql,client=[local] LOG:  Connection error failed to send ROLLBACK TRANSACTION command
2015-10-06 11:43:45 EDT [3636]: [7-1] user=mark,db=dbt3,app=psql,client=[local] LOG:  Connection error failed to send ROLLBACK TRANSACTION command
2015-10-06 11:43:47 EDT [2564]: [2-1] user=,db=,app=,client= LOG:  checkpoint complete: wrote 46 buffers (0.1%); 0 transaction log file(s) added, 0 removed, 0 recycled; write=4.517 s, sync=0.136 s, total=4.690 s; sync files=30, longest=0.014 s, average=0.004 s; distance=241 kB, estimate=241 kB
2015-10-06 11:44:01 EDT [3651]: [1-1] user=mark,db=dbt3,app=psql,client=[local] ERROR:  canceling statement due to statement timeout
2015-10-06 11:44:01 EDT [3651]: [2-1] user=mark,db=dbt3,app=psql,client=[local] STATEMENT:  EXPLAIN (ANALYZE, BUFFERS)
	select
		c_count,
		count(*) as custdist
	from
		(
			select
				c_custkey,
				count(o_orderkey)
			from
				customer left outer join orders on
					c_custkey = o_custkey
					and o_comment not like '%pending%requests%'
			group by
				c_custkey
		) as c_orders (c_custkey, c_count)
	group by
		c_count
	order by
		custdist desc,
		c_count desc;
2015-10-06 11:44:01 EDT [3651]: [3-1] user=mark,db=dbt3,app=psql,client=[local] LOG:  Connection error canceling statement due to statement timeout
2015-10-06 11:44:01 EDT [3651]: [4-1] user=mark,db=dbt3,app=psql,client=[local] LOG:  Connection error canceling statement due to statement timeout
2015-10-06 11:44:01 EDT [3651]: [5-1] user=mark,db=dbt3,app=psql,client=[local] LOG:  Connection error failed to send ROLLBACK TRANSACTION command
2015-10-06 11:44:01 EDT [3651]: [6-1] user=mark,db=dbt3,app=psql,client=[local] LOG:  Connection error failed to send ROLLBACK TRANSACTION command
2015-10-06 11:44:32 EDT [3720]: [1-1] user=mark,db=dbt3,app=psql,client=[local] ERROR:  canceling statement due to statement timeout
2015-10-06 11:44:32 EDT [3720]: [2-1] user=mark,db=dbt3,app=psql,client=[local] STATEMENT:  EXPLAIN (ANALYZE, BUFFERS)
	select
		c_name,
		c_custkey,
		o_orderkey,
		o_orderdate,
		o_totalprice,
		sum(l_quantity)
	from
		customer,
		orders,
		lineitem
	where
		o_orderkey in (
			select
				l_orderkey
			from
				lineitem
			group by
				l_orderkey having
					sum(l_quantity) > 312
		)
		and c_custkey = o_custkey
		and o_orderkey = l_orderkey
	group by
		c_name,
		c_custkey,
		o_orderkey,
		o_orderdate,
		o_totalprice
	order by
		o_totalprice desc,
		o_orderdate
	LIMIT 100;
2015-10-06 11:44:32 EDT [3720]: [3-1] user=mark,db=dbt3,app=psql,client=[local] LOG:  Connection error canceling statement due to statement timeout
2015-10-06 11:44:32 EDT [3720]: [4-1] user=mark,db=dbt3,app=psql,client=[local] LOG:  Connection error canceling statement due to statement timeout
2015-10-06 11:44:32 EDT [3720]: [5-1] user=mark,db=dbt3,app=psql,client=[local] LOG:  Connection error failed to send ROLLBACK TRANSACTION command
2015-10-06 11:44:32 EDT [3720]: [6-1] user=mark,db=dbt3,app=psql,client=[local] LOG:  Connection error failed to send ROLLBACK TRANSACTION command
2015-10-06 11:45:03 EDT [3765]: [1-1] user=mark,db=dbt3,app=psql,client=[local] ERROR:  canceling statement due to statement timeout
2015-10-06 11:45:03 EDT [3765]: [2-1] user=mark,db=dbt3,app=psql,client=[local] STATEMENT:  EXPLAIN (ANALYZE, BUFFERS)
	select
		l_returnflag,
		l_linestatus,
		sum(l_quantity) as sum_qty,
		sum(l_extendedprice) as sum_base_price,
		sum(l_extendedprice * (1 - l_discount)) as sum_disc_price,
		sum(l_extendedprice * (1 - l_discount) * (1 + l_tax)) as sum_charge,
		avg(l_quantity) as avg_qty,
		avg(l_extendedprice) as avg_price,
		avg(l_discount) as avg_disc,
		count(*) as count_order
	from
		lineitem
	where
		l_shipdate <= date '1998-12-01' - interval '109 days'
	group by
		l_returnflag,
		l_linestatus
	order by
		l_returnflag,
		l_linestatus;
2015-10-06 11:45:03 EDT [3765]: [3-1] user=mark,db=dbt3,app=psql,client=[local] LOG:  Connection error failed to send ROLLBACK TRANSACTION command
2015-10-06 11:45:03 EDT [3765]: [4-1] user=mark,db=dbt3,app=psql,client=[local] LOG:  Connection error failed to send ROLLBACK TRANSACTION command
2015-10-06 11:45:34 EDT [3849]: [1-1] user=mark,db=dbt3,app=psql,client=[local] ERROR:  canceling statement due to statement timeout
2015-10-06 11:45:34 EDT [3849]: [2-1] user=mark,db=dbt3,app=psql,client=[local] STATEMENT:  EXPLAIN (ANALYZE, BUFFERS)
	select
		nation,
		o_year,
		sum(amount) as sum_profit
	from
		(
			select
				n_name as nation,
				extract(year from o_orderdate) as o_year,
				l_extendedprice * (1 - l_discount) - ps_supplycost * l_quantity as amount
			from
				part,
				supplier,
				lineitem,
				partsupp,
				orders,
				nation
			where
				s_suppkey = l_suppkey
				and ps_suppkey = l_suppkey
				and ps_partkey = l_partkey
				and p_partkey = l_partkey
				and o_orderkey = l_orderkey
				and s_nationkey = n_nationkey
				and p_name like '%forest%'
		) as profit
	group by
		nation,
		o_year
	order by
		nation,
		o_year desc;
2015-10-06 11:45:34 EDT [3849]: [3-1] user=mark,db=dbt3,app=psql,client=[local] LOG:  Connection error failed to send ROLLBACK TRANSACTION command
2015-10-06 11:45:34 EDT [3849]: [4-1] user=mark,db=dbt3,app=psql,client=[local] LOG:  Connection error failed to send ROLLBACK TRANSACTION command
2015-10-06 11:45:52 EDT [3879]: [1-1] user=mark,db=dbt3,app=psql,client=[local] ERROR:  canceling statement due to statement timeout
2015-10-06 11:45:52 EDT [3879]: [2-1] user=mark,db=dbt3,app=psql,client=[local] STATEMENT:  EXPLAIN (ANALYZE, BUFFERS)
	select
		s_name,
		s_address
	from
		supplier,
		nation
	where
		s_suppkey in (
			select
				ps_suppkey
			from
				partsupp
			where
				ps_partkey in (
					select
						p_partkey
					from
						part
					where
						p_name like 'yellow%'
				)
				and ps_availqty > (
					select
						0.5 * sum(l_quantity)
					from
						lineitem
					where
						l_partkey = ps_partkey
						and l_suppkey = ps_suppkey
						and l_shipdate >= '1995-01-01'
						and l_shipdate < cast(date '1995-01-01' + interval '1 year' as date)
				)
		)
		and s_nationkey = n_nationkey
		and n_name = 'INDIA'
	order by
		s_name;
2015-10-06 11:45:52 EDT [3879]: [3-1] user=mark,db=dbt3,app=psql,client=[local] LOG:  Connection error canceling statement due to statement timeout
2015-10-06 11:45:52 EDT [3879]: [4-1] user=mark,db=dbt3,app=psql,client=[local] LOG:  Connection error canceling statement due to statement timeout
2015-10-06 11:45:52 EDT [3879]: [5-1] user=mark,db=dbt3,app=psql,client=[local] LOG:  Connection error failed to send ROLLBACK TRANSACTION command
2015-10-06 11:45:52 EDT [3879]: [6-1] user=mark,db=dbt3,app=psql,client=[local] LOG:  Connection error failed to send ROLLBACK TRANSACTION command
2015-10-06 11:46:31 EDT [3958]: [1-1] user=mark,db=dbt3,app=psql,client=[local] ERROR:  canceling statement due to statement timeout
2015-10-06 11:46:31 EDT [3958]: [2-1] user=mark,db=dbt3,app=psql,client=[local] STATEMENT:  EXPLAIN (ANALYZE, BUFFERS)
	select
		l_returnflag,
		l_linestatus,
		sum(l_quantity) as sum_qty,
		sum(l_extendedprice) as sum_base_price,
		sum(l_extendedprice * (1 - l_discount)) as sum_disc_price,
		sum(l_extendedprice * (1 - l_discount) * (1 + l_tax)) as sum_charge,
		avg(l_quantity) as avg_qty,
		avg(l_extendedprice) as avg_price,
		avg(l_discount) as avg_disc,
		count(*) as count_order
	from
		lineitem
	where
		l_shipdate <= date '1998-12-01' - interval '101 days'
	group by
		l_returnflag,
		l_linestatus
	order by
		l_returnflag,
		l_linestatus;
2015-10-06 11:46:31 EDT [3958]: [3-1] user=mark,db=dbt3,app=psql,client=[local] LOG:  Connection error canceling statement due to statement timeout
2015-10-06 11:46:31 EDT [3958]: [4-1] user=mark,db=dbt3,app=psql,client=[local] LOG:  Connection error canceling statement due to statement timeout
2015-10-06 11:46:31 EDT [3958]: [5-1] user=mark,db=dbt3,app=psql,client=[local] LOG:  Connection error failed to send ROLLBACK TRANSACTION command
2015-10-06 11:46:31 EDT [3958]: [6-1] user=mark,db=dbt3,app=psql,client=[local] LOG:  Connection error failed to send ROLLBACK TRANSACTION command
2015-10-06 11:46:59 EDT [3992]: [1-1] user=mark,db=dbt3,app=psql,client=[local] ERROR:  canceling statement due to statement timeout
2015-10-06 11:46:59 EDT [3992]: [2-1] user=mark,db=dbt3,app=psql,client=[local] STATEMENT:  EXPLAIN (ANALYZE, BUFFERS)
	select
		s_name,
		count(*) as numwait
	from
		supplier,
		lineitem l1,
		orders,
		nation
	where
		s_suppkey = l1.l_suppkey
		and o_orderkey = l1.l_orderkey
		and o_orderstatus = 'F'
		and l1.l_receiptdate > l1.l_commitdate
		and exists (
			select
				*
			from
				lineitem l2
			where
				l2.l_orderkey = l1.l_orderkey
				and l2.l_suppkey <> l1.l_suppkey
		)
		and not exists (
			select
				*
			from
				lineitem l3
			where
				l3.l_orderkey = l1.l_orderkey
				and l3.l_suppkey <> l1.l_suppkey
				and l3.l_receiptdate > l3.l_commitdate
		)
		and s_nationkey = n_nationkey
		and n_name = 'JORDAN'
	group by
		s_name
	order by
		numwait desc,
		s_name
	LIMIT 100;
2015-10-06 11:46:59 EDT [3992]: [3-1] user=mark,db=dbt3,app=psql,client=[local] LOG:  Connection error canceling statement due to statement timeout
2015-10-06 11:46:59 EDT [3992]: [4-1] user=mark,db=dbt3,app=psql,client=[local] LOG:  Connection error canceling statement due to statement timeout
2015-10-06 11:46:59 EDT [3992]: [5-1] user=mark,db=dbt3,app=psql,client=[local] LOG:  Connection error failed to send ROLLBACK TRANSACTION command
2015-10-06 11:46:59 EDT [3992]: [6-1] user=mark,db=dbt3,app=psql,client=[local] LOG:  Connection error failed to send ROLLBACK TRANSACTION command
2015-10-06 11:47:03 EDT [2561]: [2-1] user=,db=,app=,client= LOG:  received fast shutdown request
2015-10-06 11:47:03 EDT [2561]: [3-1] user=,db=,app=,client= LOG:  aborting any active transactions
2015-10-06 11:47:03 EDT [2567]: [2-1] user=,db=,app=,client= LOG:  autovacuum launcher shutting down
2015-10-06 11:47:03 EDT [2564]: [3-1] user=,db=,app=,client= LOG:  shutting down
2015-10-06 11:47:03 EDT [2564]: [4-1] user=,db=,app=,client= LOG:  checkpoint starting: shutdown immediate
2015-10-06 11:47:03 EDT [2564]: [5-1] user=,db=,app=,client= LOG:  checkpoint complete: wrote 2 buffers (0.0%); 0 transaction log file(s) added, 0 removed, 0 recycled; write=0.001 s, sync=0.013 s, total=0.062 s; sync files=2, longest=0.008 s, average=0.006 s; distance=6 kB, estimate=218 kB
2015-10-06 11:47:03 EDT [2564]: [6-1] user=,db=,app=,client= LOG:  database system is shut down
