1:140036785100544:2015-10-06 11:38:40.198 EDT -LOG:  Starting GTM server at (*:6666) -- control file /tmp/dbt3/pgdata/gtm/gtm.control
LOCATION:  main, main.c:626
1:140036785100544:2015-10-06 11:38:40.198 EDT -LOG:  Restoring last GXID to 12888
	
LOCATION:  GTM_RestoreTxnInfo, gtm_txn.c:2740
1:140036785100544:2015-10-06 11:38:40.199 EDT -LOG:  Started to run as GTM-Active.
LOCATION:  main, main.c:700
1:140036751771392:2015-10-06 11:38:40.337 EDT -LOG:  Node with the given ID number already exists - one 0:1
LOCATION:  pgxcnode_add_info, register_common.c:257
1:140036751771392:2015-10-06 11:38:40.337 EDT -ERROR:  Failed to Register node
LOCATION:  ProcessPGXCNodeRegister, register_gtm.c:170
1:140036760164096:2015-10-06 11:47:06.993 EDT -LOG:  unexpected EOF on client connection
LOCATION:  ReadCommand, main.c:1481
1:140036768556800:2015-10-06 11:47:06.993 EDT -LOG:  unexpected EOF on client connection
LOCATION:  ReadCommand, main.c:1481
1:140036751771392:2015-10-06 11:47:08.064 EDT -ERROR:  Failed to Unregister node
LOCATION:  ProcessPGXCNodeUnregister, register_gtm.c:288
1:140036527875840:2015-10-06 11:47:08.066 EDT -LOG:  unexpected EOF on client connection
LOCATION:  ReadCommand, main.c:1481
1:140036536268544:2015-10-06 11:47:08.066 EDT -LOG:  unexpected EOF on client connection
LOCATION:  ReadCommand, main.c:1481
1:140036785100544:2015-10-06 11:47:09.066 EDT -LOG:  GTM shutting down.
LOCATION:  ServerLoop, main.c:884
Received signal 2
